   5.0000000000000001E-003   2.9285635524995799E-003
  0.10500000000000000        6.1196460814795760E-002
  0.20500000000000002       0.11782158035686512     
  0.30499999999999999       0.17129138912412570     
  0.40500000000000003       0.22018738365045537     
  0.50500000000000000       0.26322442430037474     
  0.60499999999999998       0.29928613985309549     
  0.70499999999999996       0.32745530072491236     
  0.80500000000000005       0.34703817516775154     
  0.90500000000000003       0.35758203001585348     
   1.0050000000000001       0.35888511539480583     
   1.1050000000000000       0.35099868062849993     
   1.2050000000000001       0.33422080558205369     
   1.3049999999999999       0.30908209656969443     
   1.4050000000000000       0.27632358635425930     
   1.5050000000000001       0.23686748928243068     
   1.6050000000000000       0.19178178761106171     
   1.7050000000000001       0.14223995127303377     
   1.8049999999999999        8.9477402321564162E-002
   1.9050000000000000        3.4746601779239286E-002
   2.0049999999999999       -2.0727171218209890E-002
   2.1050000000000000       -7.5787196170174320E-002
   2.2050000000000001      -0.12938175530306548     
   2.3050000000000002      -0.18059379117061991     
   2.4050000000000002      -0.22866233835001551     
   2.5049999999999999      -0.27299486566819170     
   2.6050000000000000      -0.31317035338950999     
   2.7050000000000001      -0.34893365256620473     
   2.8050000000000002      -0.38018233752558639     
   2.9050000000000002      -0.40694777592075848     
   3.0049999999999999      -0.42937243595876545     
   3.1050000000000000      -0.44768549895388371     
   3.2050000000000001      -0.46217866405310015     
   3.3050000000000002      -0.47318367617811335     
   3.4050000000000002      -0.48105265542676884     
   3.5049999999999999      -0.48614183626210122     
   3.6050000000000000      -0.48879890330220932     
   3.7050000000000001      -0.48935377899062649     
   3.8050000000000002      -0.48811249305501020     
   3.9050000000000002      -0.48535363986068564     
   4.0049999999999999      -0.48132688974847609     
   4.1050000000000004      -0.47625304085034564     
   4.2050000000000001      -0.47032515562231475     
   4.3049999999999997      -0.46371040212406911     
   4.4050000000000002      -0.45655229977503548     
   4.5049999999999999      -0.44897314386854270     
   4.6050000000000004      -0.44107644766263460     
   4.7050000000000001      -0.43294929356765438     
   4.8049999999999997      -0.42466452595852400     
   4.9050000000000002      -0.41628274868798376     
   5.0049999999999999      -0.40785411217484374     
   5.1050000000000004      -0.39941988977798754     
   5.2050000000000001      -0.39101385269135058     
   5.3049999999999997      -0.38266345821315501     
   5.4050000000000002      -0.37439086909033531     
   5.5049999999999999      -0.36621382259657720     
   5.6050000000000004      -0.35814636772869679     
   5.7050000000000001      -0.35019948787961180     
   5.8049999999999997      -0.34238162490340551     
   5.9050000000000002      -0.33469911885854536     
   6.0049999999999999      -0.32715657604978127     
   6.1050000000000004      -0.31975717638151352     
   6.2050000000000001      -0.31250292954006614     
   6.3049999999999997      -0.30539488816672239     
   6.4050000000000002      -0.29843332497743957     
   6.5049999999999999      -0.29161787972746628     
   6.6050000000000004      -0.28494768100141982     
   6.7050000000000001      -0.27842144702014671     
   6.8049999999999997      -0.27203756898148401     
   6.9050000000000002      -0.26579417987932408     
   7.0049999999999999      -0.25968921126108468     
   7.1050000000000004      -0.25372043997563287     
   7.2050000000000001      -0.24788552662097069     
   7.3049999999999997      -0.24218204711385011     
   7.4050000000000002      -0.23660751856338411     
   7.5049999999999999      -0.23115942043035520     
   7.6050000000000004      -0.22583521178692337     
   7.7050000000000001      -0.22063234535245985     
   7.8050000000000006      -0.21554827886563088     
   7.9050000000000002      -0.21058048425685538     
   8.0050000000000008      -0.20572645500554423     
   8.1050000000000004      -0.20098371200038664     
   8.2050000000000001      -0.19634980816611766     
   8.3049999999999997      -0.19182233207475374     
   8.4049999999999994      -0.18739891072159207     
   8.5050000000000008      -0.18307721161510368     
   8.6050000000000004      -0.17885494430400503     
   8.7050000000000001      -0.17472986144341854     
   8.8049999999999997      -0.17069975948432375     
   8.9049999999999994      -0.16676247905585875     
   9.0050000000000008      -0.16291590509790646     
   9.1050000000000004      -0.15915796679138883     
   9.2050000000000001      -0.15548663732538806     
   9.3049999999999997      -0.15189993353335884     
   9.4049999999999994      -0.14839591542502217     
   9.5050000000000008      -0.14497268563584564     
   9.6050000000000004      -0.14162838881213494     
   9.7050000000000001      -0.13836121094656062     
   9.8049999999999997      -0.13516937867629042     
   9.9049999999999994      -0.13205115855371521     
   10.005000000000001      -0.12900485629793937     
   10.105000000000000      -0.12602881603371999     
   10.205000000000000      -0.12312141952330720     
   10.305000000000000      -0.12028108539561209     
   10.404999999999999      -0.11750626837629335     
   10.505000000000001      -0.11479545852165929     
   10.605000000000000      -0.11214718045871243     
   10.705000000000000      -0.10955999263318919     
   10.805000000000000      -0.10703248656705909     
   10.904999999999999      -0.10456328612663050     
   11.005000000000001      -0.10215104680214930     
   11.105000000000000       -9.9794454999555221E-002
   11.205000000000000       -9.7492227344891255E-002
   11.305000000000000       -9.5243110001705489E-002
   11.404999999999999       -9.3045878001685803E-002
   11.505000000000001       -9.0899334588642591E-002
   11.605000000000000       -8.8802310575903529E-002
   11.705000000000000       -8.6753663717109075E-002
   11.805000000000000       -8.4752278090343136E-002
   11.904999999999999       -8.2797063495493498E-002
   12.005000000000001       -8.0886954864710481E-002
   12.105000000000000       -7.9020911685798861E-002
   12.205000000000000       -7.7197917438360658E-002
   12.305000000000000       -7.5416979042489216E-002
   12.405000000000001       -7.3677126319805442E-002
   12.505000000000001       -7.1977411466615043E-002
   12.605000000000000       -7.0316908538961026E-002
   12.705000000000000       -6.8694712949344747E-002
   12.805000000000000       -6.7109940974880183E-002
   12.905000000000001       -6.5561729276648675E-002
   13.005000000000001       -6.4049234430021348E-002
   13.105000000000000       -6.2571632465717689E-002
   13.205000000000000       -6.1128118421369053E-002
   13.305000000000000       -5.9717905903359764E-002
   13.405000000000001       -5.8340226658718720E-002
   13.505000000000001       -5.6994330156841674E-002
   13.605000000000000       -5.5679483180825225E-002
   13.705000000000000       -5.4394969428194856E-002
   13.805000000000000       -5.3140089120819647E-002
   13.905000000000001       -5.1914158623802803E-002
   14.005000000000001       -5.0716510073146925E-002
   14.105000000000000       -4.9546491011994223E-002
   14.205000000000000       -4.8403464035246119E-002
   14.305000000000000       -4.7286806442371362E-002
   14.405000000000001       -4.6195909898214413E-002
   14.505000000000001       -4.5130180101623001E-002
   14.605000000000000       -4.4089036461714345E-002
   14.705000000000000       -4.3071911781604917E-002
   14.805000000000000       -4.2078251949432210E-002
   14.905000000000001       -4.1107515636502077E-002
   15.005000000000001       -4.0159174002396866E-002
   15.105000000000000       -3.9232710406883364E-002
   15.205000000000000       -3.8327620128467035E-002
   15.305000000000000       -3.7443410089435837E-002
   15.405000000000001       -3.6579598587246673E-002
   15.505000000000001       -3.5735715032108033E-002
   15.605000000000000       -3.4911299690614794E-002
   15.705000000000000       -3.4105903435297728E-002
   15.805000000000000       -3.3319087499949107E-002
   15.905000000000001       -3.2550423240593304E-002
   16.004999999999999       -3.1799491901970567E-002
   16.105000000000000       -3.1065884389408376E-002
   16.205000000000002       -3.0349201045954958E-002
   16.305000000000000       -2.9649051434654010E-002
   16.405000000000001       -2.8965054125842733E-002
   16.504999999999999       -2.8296836489355923E-002
   16.605000000000000       -2.7644034491523882E-002
   16.705000000000002       -2.7006292496854000E-002
   16.805000000000000       -2.6383263074286848E-002
   16.905000000000001       -2.5774606807921888E-002
   17.004999999999999       -2.5179992112109542E-002
   17.105000000000000       -2.4599095050809736E-002
   17.205000000000002       -2.4031599161116825E-002
   17.305000000000000       -2.3477195280856650E-002
   17.405000000000001       -2.2935581380159688E-002
   17.504999999999999       -2.2406462396920877E-002
   17.605000000000000       -2.1889550076054577E-002
   17.705000000000002       -2.1384562812458274E-002
   17.805000000000000       -2.0891225497598850E-002
   17.905000000000001       -2.0409269369638647E-002
   18.004999999999999       -1.9938431867018037E-002
   18.105000000000000       -1.9478456485416587E-002
   18.205000000000002       -1.9029092638013733E-002
   18.305000000000000       -1.8590095518973566E-002
   18.405000000000001       -1.8161225970078562E-002
   18.504999999999999       -1.7742250350440299E-002
   18.605000000000000       -1.7332940409215951E-002
   18.705000000000002       -1.6933073161260907E-002
   18.805000000000000       -1.6542430765650450E-002
   18.905000000000001       -1.6160800407003559E-002
   19.004999999999999       -1.5787974179544785E-002
   19.105000000000000       -1.5423748973840596E-002
   19.205000000000002       -1.5067926366148881E-002
   19.305000000000000       -1.4720312510321121E-002
   19.405000000000001       -1.4380718032198227E-002
   19.504999999999999       -1.4048957926442642E-002
   19.605000000000000       -1.3724851455750503E-002
   19.705000000000002       -1.3408222052389097E-002
   19.805000000000000       -1.3098897222005806E-002
   19.905000000000001       -1.2796708449655901E-002
   20.004999999999999       -1.2501491107998600E-002
   20.105000000000000       -1.2213084367610904E-002
   20.205000000000002       -1.1931331109370403E-002
   20.305000000000000       -1.1656077838859418E-002
   20.405000000000001       -1.1387174602743763E-002
   20.504999999999999       -1.1124474907080757E-002
   20.605000000000000       -1.0867835637511898E-002
   20.705000000000002       -1.0617116981296453E-002
   20.805000000000000       -1.0372182351143870E-002
   20.905000000000001       -1.0132898310803247E-002
   21.004999999999999       -9.8991345023697625E-003
   21.105000000000000       -9.6707635752677629E-003
   21.205000000000002       -9.4476611168720723E-003
   21.305000000000000       -9.2297055847304407E-003
   21.405000000000001       -9.0167782403490840E-003
   21.504999999999999       -8.8087630845060487E-003
   21.605000000000000       -8.6055467940567565E-003
   21.705000000000002       -8.4070186601974840E-003
   21.805000000000000       -8.2130705281529652E-003
   21.905000000000001       -8.0235967382556381E-003
   22.004999999999999       -7.8384940683839874E-003
   22.105000000000000       -7.6576616777289351E-003
   22.205000000000002       -7.4810010518573935E-003
   22.305000000000000       -7.3084159490432177E-003
   22.405000000000001       -7.1398123478364911E-003
   22.504999999999999       -6.9750983958421220E-003
   22.605000000000000       -6.8141843596802656E-003
   22.705000000000002       -6.6569825761009895E-003
   22.805000000000000       -6.5034074042269402E-003
   22.905000000000001       -6.3533751788975969E-003
   23.004999999999999       -6.2068041650898574E-003
   23.105000000000000       -6.0636145133902098E-003
   23.205000000000002       -5.9237282164941625E-003
   23.305000000000000       -5.7870690667091683E-003
   23.405000000000001       -5.6535626144379224E-003
   23.504999999999999       -5.5231361276194043E-003
   23.605000000000000       -5.3957185521058115E-003
   23.705000000000002       -5.2712404729534645E-003
   23.805000000000000       -5.1496340766066535E-003
   23.905000000000001       -5.0308331139539550E-003
   24.004999999999999       -4.9147728642368431E-003
   24.105000000000000       -4.8013900997909394E-003
   24.205000000000002       -4.6906230516006115E-003
   24.305000000000000       -4.5824113756482822E-003
   24.405000000000001       -4.4766961200400236E-003
   24.504999999999999       -4.3734196928895755E-003
   24.605000000000000       -4.2725258309432700E-003
   24.705000000000002       -4.1739595689286660E-003
   24.805000000000000       -4.0776672096104714E-003
   24.905000000000001       -3.9835962945372130E-003
   25.004999999999999       -3.8916955754627310E-003
   25.105000000000000       -3.8019149864270243E-003
   25.205000000000002       -3.7142056164811170E-003
   25.305000000000000       -3.6285196830412036E-003
   25.405000000000001       -3.5448105058575635E-003
   25.504999999999999       -3.4630324815838835E-003
   25.605000000000000       -3.3831410589333605E-003
   25.705000000000002       -3.3050927144078761E-003
   25.805000000000000       -3.2288449285871766E-003
   25.905000000000001       -3.1543561629649715E-003
   26.004999999999999       -3.0815858373194941E-003
   26.105000000000000       -3.0104943076060472E-003
   26.205000000000002       -2.9410428443595975E-003
   26.305000000000000       -2.8731936115956556E-003
   26.405000000000001       -2.8069096461978338E-003
   26.504999999999999       -2.7421548377810074E-003
   26.605000000000000       -2.6788939090188900E-003
   26.705000000000002       -2.6170923964256533E-003
   26.805000000000000       -2.5567166315807531E-003
   26.905000000000001       -2.4977337227869477E-003
   27.004999999999999       -2.4401115371514353E-003
   27.105000000000000       -2.3838186830804175E-003
   27.205000000000002       -2.3288244931774960E-003
   27.305000000000000       -2.2750990075365899E-003
   27.405000000000001       -2.2226129574202716E-003
   27.504999999999999       -2.1713377493146474E-003
   27.605000000000000       -2.1212454493521140E-003
   27.705000000000002       -2.0723087680934536E-003
   27.805000000000000       -2.0245010456609973E-003
   27.905000000000001       -1.9777962372147999E-003
   28.004999999999999       -1.9321688987638285E-003
   28.105000000000000       -1.8875941733045019E-003
   28.205000000000002       -1.8440477772790175E-003
   28.305000000000000       -1.8015059873461123E-003
   28.405000000000001       -1.7599456274569414E-003
   28.504999999999999       -1.7193440562291687E-003
   28.605000000000000       -1.6796791546123478E-003
   28.705000000000002       -1.6409293138378088E-003
   28.805000000000000       -1.6030734236465798E-003
   28.905000000000001       -1.5660908607888740E-003
   29.004999999999999       -1.5299614777889103E-003
   29.105000000000000       -1.4946655919688614E-003
   29.205000000000002       -1.4601839747261011E-003
   29.305000000000000       -1.4264978410577739E-003
   29.405000000000001       -1.3935888393270428E-003
   29.504999999999999       -1.3614390412654248E-003
   29.605000000000000       -1.3300309322057734E-003
   29.705000000000002       -1.2993474015406009E-003
   29.805000000000000       -1.2693717334004840E-003
   29.905000000000001       -1.2400875975475646E-003
   30.004999999999999       -1.2114790404790876E-003
