  0.6667E-01  -.3542E-06  0.3910E-05
  0.1333      -.2677E-06  0.3999E-05
  0.2000      -.1151E-06  0.4146E-05
  0.2667      0.1164E-06  0.4348E-05
  0.3333      0.4458E-06  0.4602E-05
  0.4000      0.8987E-06  0.4899E-05
  0.4667      0.1507E-05  0.5221E-05
  0.5333      0.2312E-05  0.5542E-05
  0.6000      0.3358E-05  0.5818E-05
  0.6667      0.4697E-05  0.5983E-05
  0.7333      0.6375E-05  0.5940E-05
  0.8000      0.8432E-05  0.5548E-05
  0.8667      0.1088E-04  0.4620E-05
  0.9333      0.1368E-04  0.2907E-05
   1.000      0.1670E-04  0.1026E-06
   1.067      0.1971E-04  -.4154E-05
   1.133      0.2225E-04  -.1025E-04
   1.200      0.2365E-04  -.1853E-04
   1.267      0.2289E-04  -.2922E-04
   1.333      0.1861E-04  -.4226E-04
   1.400      0.9096E-05  -.5709E-04
   1.467      -.7656E-05  -.7239E-04
   1.533      -.3370E-04  -.8573E-04
   1.600      -.7075E-04  -.9331E-04
   1.667      -.1195E-03  -.8964E-04
   1.733      -.1789E-03  -.6758E-04
   1.800      -.2448E-03  -.1862E-04
   1.867      -.3086E-03  0.6627E-04
   1.933      -.3566E-03  0.1950E-03
   2.000      -.3686E-03  0.3722E-03
   2.067      -.3180E-03  0.5955E-03
   2.133      -.1736E-03  0.8523E-03
   2.200      0.9799E-04  0.1115E-02
   2.267      0.5264E-03  0.1339E-02
   2.333      0.1131E-02  0.1459E-02
   2.400      0.1909E-02  0.1391E-02
   2.467      0.2830E-02  0.1037E-02
   2.533      0.3822E-02  0.2924E-03
   2.600      0.4766E-02  -.9375E-03
   2.667      0.5492E-02  -.2722E-02
   2.733      0.5785E-02  -.5084E-02
   2.800      0.5392E-02  -.7978E-02
   2.867      0.4048E-02  -.1128E-01
   2.933      0.1494E-02  -.1475E-01
   3.000      -.2482E-02  -.1808E-01
   3.067      -.8020E-02  -.2085E-01
   3.133      -.1515E-01  -.2256E-01
   3.200      -.2377E-01  -.2269E-01
   3.267      -.3363E-01  -.2071E-01
   3.333      -.4434E-01  -.1613E-01
   3.400      -.5535E-01  -.8531E-02
   3.467      -.6601E-01  0.2359E-02
   3.533      -.7559E-01  0.1667E-01
   3.600      -.8333E-01  0.3437E-01
   3.667      -.8849E-01  0.5525E-01
   3.733      -.9036E-01  0.7890E-01
   3.800      -.8836E-01  0.1048    
   3.867      -.8203E-01  0.1324    
   3.933      -.7106E-01  0.1608    
   4.000      -.5533E-01  0.1894    
   4.067      -.3485E-01  0.2174    
   4.133      -.9811E-02  0.2441    
   4.200      0.1947E-01  0.2688    
   4.267      0.5256E-01  0.2911    
   4.333      0.8894E-01  0.3105    
   4.400      0.1280      0.3266    
   4.467      0.1693      0.3394    
   4.533      0.2120      0.3487    
   4.600      0.2557      0.3545    
   4.667      0.2998      0.3570    
   4.733      0.3437      0.3564    
   4.800      0.3871      0.3528    
   4.867      0.4296      0.3467    
   4.933      0.4708      0.3383    
   5.000      0.5105      0.3280    
   5.067      0.5484      0.3160    
   5.133      0.5846      0.3027    
   5.200      0.6187      0.2885    
   5.267      0.6509      0.2736    
   5.333      0.6810      0.2582    
   5.400      0.7091      0.2426    
   5.467      0.7352      0.2270    
   5.533      0.7595      0.2116    
   5.600      0.7818      0.1965    
   5.667      0.8025      0.1819    
   5.733      0.8214      0.1678    
   5.800      0.8388      0.1543    
   5.867      0.8547      0.1415    
   5.933      0.8692      0.1293    
   6.000      0.8824      0.1179    
   6.067      0.8944      0.1073    
   6.133      0.9054      0.9732E-01
   6.200      0.9152      0.8809E-01
   6.267      0.9242      0.7956E-01
   6.333      0.9323      0.7169E-01
   6.400      0.9396      0.6447E-01
   6.467      0.9462      0.5787E-01
   6.533      0.9521      0.5183E-01
   6.600      0.9574      0.4634E-01
   6.667      0.9622      0.4136E-01
   6.733      0.9665      0.3685E-01
   6.800      0.9703      0.3277E-01
   6.867      0.9738      0.2909E-01
   6.933      0.9768      0.2579E-01
   7.000      0.9796      0.2282E-01
   7.067      0.9820      0.2017E-01
   7.133      0.9841      0.1779E-01
   7.200      0.9861      0.1567E-01
   7.267      0.9878      0.1379E-01
   7.333      0.9893      0.1211E-01
   7.400      0.9906      0.1062E-01
   7.467      0.9918      0.9299E-02
   7.533      0.9928      0.8132E-02
   7.600      0.9937      0.7102E-02
   7.667      0.9945      0.6193E-02
   7.733      0.9953      0.5393E-02
   7.800      0.9959      0.4690E-02
   7.867      0.9964      0.4073E-02
   7.933      0.9969      0.3532E-02
   8.000      0.9973      0.3059E-02
   8.067      0.9977      0.2645E-02
   8.133      0.9980      0.2285E-02
   8.200      0.9983      0.1970E-02
   8.267      0.9985      0.1697E-02
   8.333      0.9987      0.1459E-02
   8.400      0.9989      0.1253E-02
   8.467      0.9991      0.1074E-02
   8.533      0.9992      0.9197E-03
   8.600      0.9993      0.7861E-03
   8.667      0.9994      0.6709E-03
   8.733      0.9995      0.5716E-03
   8.800      0.9996      0.4861E-03
   8.867      0.9996      0.4127E-03
   8.933      0.9997      0.3496E-03
   9.000      0.9997      0.2956E-03
   9.067      0.9998      0.2494E-03
   9.133      0.9998      0.2098E-03
   9.200      0.9998      0.1761E-03
   9.267      0.9999      0.1473E-03
   9.333      0.9999      0.1229E-03
   9.400      0.9999      0.1020E-03
   9.467      0.9999      0.8435E-04
   9.533      0.9999      0.6936E-04
   9.600       1.000      0.5667E-04
   9.667       1.000      0.4593E-04
   9.733       1.000      0.3686E-04
   9.800       1.000      0.2921E-04
   9.867       1.000      0.2276E-04
   9.933       1.000      0.1734E-04
   10.00       1.000      0.1279E-04
   10.07       1.000      0.8963E-05
   10.13       1.000      0.5759E-05
   10.20       1.000      0.3078E-05
   10.27       1.000      0.8373E-06
   10.33       1.000      -.1033E-05
   10.40       1.000      -.2592E-05
   10.47       1.000      -.3891E-05
   10.53       1.000      -.4970E-05
   10.60       1.000      -.5866E-05
   10.67       1.000      -.6609E-05
   10.73       1.000      -.7225E-05
   10.80       1.000      -.7734E-05
   10.87       1.000      -.8155E-05
   10.93       1.000      -.8502E-05
   11.00       1.000      -.8787E-05
   11.07       1.000      -.9023E-05
   11.13       1.000      -.9216E-05
   11.20       1.000      -.9375E-05
   11.27       1.000      -.9505E-05
   11.33       1.000      -.9611E-05
   11.40       1.000      -.9698E-05
   11.47       1.000      -.9769E-05
   11.53       1.000      -.9827E-05
   11.60       1.000      -.9874E-05
   11.67       1.000      -.9912E-05
   11.73       1.000      -.9944E-05
   11.80       1.000      -.9969E-05
   11.87       1.000      -.9989E-05
   11.93       1.000      -.1001E-04
   12.00       1.000      -.1002E-04
   12.07       1.000      -.1003E-04
   12.13       1.000      -.1004E-04
   12.20       1.000      -.1005E-04
   12.27       1.000      -.1005E-04
   12.33       1.000      -.1006E-04
   12.40       1.000      -.1006E-04
   12.47       1.000      -.1006E-04
   12.53       1.000      -.1007E-04
   12.60       1.000      -.1007E-04
   12.67       1.000      -.1007E-04
   12.73       1.000      -.1007E-04
   12.80       1.000      -.1007E-04
   12.87       1.000      -.1007E-04
   12.93       1.000      -.1007E-04
   13.00       1.000      -.1007E-04
   13.07       1.000      -.1007E-04
   13.13       1.000      -.1007E-04
   13.20       1.000      -.1007E-04
   13.27       1.000      -.1007E-04
   13.33       1.000      -.1007E-04
   13.40       1.000      -.1007E-04
   13.47       1.000      -.1007E-04
   13.53       1.000      -.1007E-04
   13.60       1.000      -.1007E-04
   13.67       1.000      -.1007E-04
   13.73       1.000      -.1007E-04
   13.80       1.000      -.1007E-04
   13.87       1.000      -.1007E-04
   13.93       1.000      -.1007E-04
   14.00       1.000      -.1008E-04
   14.07       1.000      -.1008E-04
   14.13       1.000      -.1008E-04
   14.20       1.000      -.1008E-04
   14.27       1.000      -.1008E-04
   14.33       1.000      -.1008E-04
   14.40       1.000      -.1008E-04
   14.47       1.000      -.1008E-04
   14.53       1.000      -.1008E-04
   14.60       1.000      -.1008E-04
   14.67       1.000      -.1008E-04
   14.73       1.000      -.1008E-04
   14.80       1.000      -.1008E-04
   14.87       1.000      -.1008E-04
   14.93       1.000      -.1008E-04
   15.00       1.000      -.1008E-04
   15.07       1.000      -.1008E-04
   15.13       1.000      -.1008E-04
   15.20       1.000      -.1008E-04
   15.27       1.000      -.1008E-04
   15.33       1.000      -.1008E-04
   15.40       1.000      -.1008E-04
   15.47       1.000      -.1008E-04
   15.53       1.000      -.1008E-04
   15.60       1.000      -.1008E-04
   15.67       1.000      -.1008E-04
   15.73       1.000      -.1008E-04
   15.80       1.000      -.1008E-04
   15.87       1.000      -.1008E-04
   15.93       1.000      -.1008E-04
   16.00       1.000      -.1008E-04
   16.07       1.000      -.1008E-04
   16.13       1.000      -.1008E-04
   16.20       1.000      -.1008E-04
   16.27       1.000      -.1008E-04
   16.33       1.000      -.1008E-04
   16.40       1.000      -.1008E-04
   16.47       1.000      -.1008E-04
   16.53       1.000      -.1008E-04
   16.60       1.000      -.1008E-04
   16.67       1.000      -.1008E-04
   16.73       1.000      -.1008E-04
   16.80       1.000      -.1008E-04
   16.87       1.000      -.1008E-04
   16.93       1.000      -.1008E-04
   17.00       1.000      -.1008E-04
   17.07       1.000      -.1008E-04
   17.13       1.000      -.1008E-04
   17.20       1.000      -.1008E-04
   17.27       1.000      -.1008E-04
   17.33       1.000      -.1008E-04
   17.40       1.000      -.1008E-04
   17.47       1.000      -.1008E-04
   17.53       1.000      -.1008E-04
   17.60       1.000      -.1008E-04
   17.67       1.000      -.1008E-04
   17.73       1.000      -.1008E-04
   17.80       1.000      -.1008E-04
   17.87       1.000      -.1008E-04
   17.93       1.000      -.1008E-04
   18.00       1.000      -.1008E-04
   18.07       1.000      -.1008E-04
   18.13       1.000      -.1008E-04
   18.20       1.000      -.1008E-04
   18.27       1.000      -.1008E-04
   18.33       1.000      -.1008E-04
   18.40       1.000      -.1008E-04
   18.47       1.000      -.1008E-04
   18.53       1.000      -.1008E-04
   18.60       1.000      -.1008E-04
   18.67       1.000      -.1008E-04
   18.73       1.000      -.1008E-04
   18.80       1.000      -.1008E-04
   18.87       1.000      -.1008E-04
   18.93       1.000      -.1008E-04
   19.00       1.000      -.1008E-04
   19.07       1.000      -.1008E-04
   19.13       1.000      -.1008E-04
   19.20       1.000      -.1008E-04
   19.27       1.000      -.1008E-04
   19.33       1.000      -.1008E-04
   19.40       1.000      -.1008E-04
   19.47       1.000      -.1008E-04
   19.53       1.000      -.1008E-04
   19.60       1.000      -.1008E-04
   19.67       1.000      -.1008E-04
   19.73       1.000      -.1008E-04
   19.80       1.000      -.1008E-04
   19.87       1.000      -.1008E-04
   19.93       1.000      -.1008E-04
   20.00       1.000      -.1008E-04
