  -400.0000  0.62452E-04
  -396.3636  0.70065E-04
  -392.7273  0.78481E-04
  -389.0909  0.87796E-04
  -385.4545  0.98112E-04
  -381.8182  0.10953E-03
  -378.1818  0.12216E-03
  -374.5455  0.13607E-03
  -370.9091  0.15134E-03
  -367.2727  0.16804E-03
  -363.6364  0.18625E-03
  -360.0000  0.20606E-03
  -356.3636  0.22761E-03
  -352.7273  0.25104E-03
  -349.0909  0.27652E-03
  -345.4545  0.30425E-03
  -341.8182  0.33441E-03
  -338.1818  0.36717E-03
  -334.5455  0.40267E-03
  -330.9091  0.44104E-03
  -327.2727  0.48237E-03
  -323.6364  0.52677E-03
  -320.0000  0.57436E-03
  -316.3636  0.62528E-03
  -312.7273  0.67973E-03
  -309.0909  0.73795E-03
  -305.4545  0.80018E-03
  -301.8182  0.86666E-03
  -298.1818  0.93760E-03
  -294.5455  0.10131E-02
  -290.9091  0.10934E-02
  -287.2727  0.11783E-02
  -283.6364  0.12680E-02
  -280.0000  0.13624E-02
  -276.3636  0.14616E-02
  -272.7273  0.15656E-02
  -269.0909  0.16747E-02
  -265.4545  0.17889E-02
  -261.8182  0.19083E-02
  -258.1818  0.20330E-02
  -254.5455  0.21630E-02
  -250.9091  0.22980E-02
  -247.2727  0.24378E-02
  -243.6364  0.25820E-02
  -240.0000  0.27304E-02
  -236.3636  0.28824E-02
  -232.7273  0.30378E-02
  -229.0909  0.31964E-02
  -225.4545  0.33579E-02
  -221.8182  0.35220E-02
  -218.1818  0.36883E-02
  -214.5455  0.38563E-02
  -210.9091  0.40255E-02
  -207.2727  0.41952E-02
  -203.6364  0.43647E-02
  -200.0000  0.45334E-02
  -196.3636  0.47009E-02
  -192.7273  0.48668E-02
  -189.0909  0.50308E-02
  -185.4545  0.51930E-02
  -181.8182  0.53532E-02
  -178.1818  0.55119E-02
  -174.5455  0.56696E-02
  -170.9091  0.58274E-02
  -167.2727  0.59871E-02
  -163.6364  0.61513E-02
  -160.0000  0.63237E-02
  -156.3636  0.65093E-02
  -152.7273  0.67143E-02
  -149.0909  0.69459E-02
  -145.4545  0.72130E-02
  -141.8182  0.75262E-02
  -138.1818  0.78986E-02
  -134.5455  0.83469E-02
  -130.9091  0.88928E-02
  -127.2727  0.95643E-02
  -123.6364  0.10397E-01
  -120.0000  0.11435E-01
  -116.3636  0.12734E-01
  -112.7273  0.14356E-01
  -109.0909  0.16378E-01
  -105.4545  0.18886E-01
  -101.8182  0.21985E-01
   -98.1818  0.25798E-01
   -94.5455  0.30476E-01
   -90.9091  0.36210E-01
   -87.2727  0.43234E-01
   -83.6364  0.51842E-01
   -80.0000  0.62390E-01
   -76.3636  0.75308E-01
   -72.7273  0.91097E-01
   -69.0909  0.11034    
   -65.4545  0.13368    
   -61.8182  0.16186    
   -58.1818  0.19572    
   -54.5455  0.23618    
   -50.9091  0.28428    
   -47.2727  0.34117    
   -43.6364  0.40798    
   -40.0000  0.48580    
   -36.3636  0.57538    
   -32.7273  0.67689    
   -29.0909  0.78951    
   -25.4545  0.91110    
   -21.8182   1.0379    
   -18.1818   1.1644    
   -14.5455   1.2837    
   -10.9091   1.3879    
    -7.2727   1.4693    
    -3.6364   1.5211    
    -0.0000   1.5390    
     3.6364   1.5211    
     7.2727   1.4693    
    10.9091   1.3879    
    14.5455   1.2837    
    18.1818   1.1644    
    21.8182   1.0379    
    25.4545  0.91110    
    29.0909  0.78951    
    32.7273  0.67689    
    36.3636  0.57538    
    40.0000  0.48580    
    43.6364  0.40798    
    47.2727  0.34117    
    50.9091  0.28428    
    54.5455  0.23618    
    58.1818  0.19572    
    61.8182  0.16186    
    65.4545  0.13368    
    69.0909  0.11034    
    72.7273  0.91097E-01
    76.3636  0.75308E-01
    80.0000  0.62390E-01
    83.6364  0.51842E-01
    87.2727  0.43234E-01
    90.9091  0.36210E-01
    94.5455  0.30476E-01
    98.1818  0.25798E-01
   101.8182  0.21985E-01
   105.4545  0.18886E-01
   109.0909  0.16378E-01
   112.7273  0.14356E-01
   116.3636  0.12734E-01
   120.0000  0.11435E-01
   123.6364  0.10397E-01
   127.2727  0.95643E-02
   130.9091  0.88928E-02
   134.5455  0.83469E-02
   138.1818  0.78986E-02
   141.8182  0.75262E-02
   145.4545  0.72130E-02
   149.0909  0.69459E-02
   152.7273  0.67143E-02
   156.3636  0.65093E-02
   160.0000  0.63237E-02
   163.6364  0.61513E-02
   167.2727  0.59871E-02
   170.9091  0.58274E-02
   174.5455  0.56696E-02
   178.1818  0.55119E-02
   181.8182  0.53532E-02
   185.4545  0.51930E-02
   189.0909  0.50308E-02
   192.7273  0.48668E-02
   196.3636  0.47009E-02
   200.0000  0.45334E-02
   203.6364  0.43647E-02
   207.2727  0.41952E-02
   210.9091  0.40255E-02
   214.5455  0.38563E-02
   218.1818  0.36883E-02
   221.8182  0.35220E-02
   225.4545  0.33579E-02
   229.0909  0.31964E-02
   232.7273  0.30378E-02
   236.3636  0.28824E-02
   240.0000  0.27304E-02
   243.6364  0.25820E-02
   247.2727  0.24378E-02
   250.9091  0.22980E-02
   254.5455  0.21630E-02
   258.1818  0.20330E-02
   261.8182  0.19083E-02
   265.4545  0.17889E-02
   269.0909  0.16747E-02
   272.7273  0.15656E-02
   276.3636  0.14616E-02
   280.0000  0.13624E-02
   283.6364  0.12680E-02
   287.2727  0.11783E-02
   290.9091  0.10934E-02
   294.5455  0.10131E-02
   298.1818  0.93760E-03
   301.8182  0.86666E-03
   305.4545  0.80018E-03
   309.0909  0.73795E-03
   312.7273  0.67973E-03
   316.3636  0.62528E-03
   320.0000  0.57436E-03
   323.6364  0.52677E-03
   327.2727  0.48237E-03
   330.9091  0.44104E-03
   334.5455  0.40267E-03
   338.1818  0.36717E-03
   341.8182  0.33441E-03
   345.4545  0.30425E-03
   349.0909  0.27652E-03
   352.7273  0.25104E-03
   356.3636  0.22761E-03
   360.0000  0.20606E-03
   363.6364  0.18625E-03
   367.2727  0.16804E-03
   370.9091  0.15134E-03
   374.5455  0.13607E-03
   378.1818  0.12216E-03
   381.8182  0.10953E-03
   385.4545  0.98112E-04
   389.0909  0.87796E-04
   392.7273  0.78481E-04
   396.3636  0.70065E-04
   400.0000  0.62452E-04
