  0.6667E-01  -.3112E-01  0.2364    
  0.1333      -.3010E-01  0.2375    
  0.2000      -.2838E-01  0.2393    
  0.2667      -.2594E-01  0.2419    
  0.3333      -.2275E-01  0.2452    
  0.4000      -.1878E-01  0.2492    
  0.4667      -.1398E-01  0.2538    
  0.5333      -.8296E-02  0.2590    
  0.6000      -.1678E-02  0.2648    
  0.6667      0.5932E-02  0.2711    
  0.7333      0.1460E-01  0.2779    
  0.8000      0.2437E-01  0.2850    
  0.8667      0.3531E-01  0.2925    
  0.9333      0.4748E-01  0.3001    
   1.000      0.6092E-01  0.3079    
   1.067      0.7566E-01  0.3156    
   1.133      0.9174E-01  0.3233    
   1.200      0.1092      0.3307    
   1.267      0.1279      0.3378    
   1.333      0.1480      0.3443    
   1.400      0.1695      0.3503    
   1.467      0.1921      0.3555    
   1.533      0.2159      0.3599    
   1.600      0.2409      0.3634    
   1.667      0.2668      0.3658    
   1.733      0.2936      0.3670    
   1.800      0.3212      0.3671    
   1.867      0.3493      0.3660    
   1.933      0.3779      0.3636    
   2.000      0.4069      0.3599    
   2.067      0.4359      0.3550    
   2.133      0.4650      0.3489    
   2.200      0.4939      0.3417    
   2.267      0.5225      0.3333    
   2.333      0.5506      0.3240    
   2.400      0.5782      0.3137    
   2.467      0.6050      0.3027    
   2.533      0.6311      0.2909    
   2.600      0.6563      0.2786    
   2.667      0.6806      0.2659    
   2.733      0.7038      0.2528    
   2.800      0.7260      0.2395    
   2.867      0.7471      0.2262    
   2.933      0.7671      0.2128    
   3.000      0.7860      0.1996    
   3.067      0.8038      0.1866    
   3.133      0.8205      0.1739    
   3.200      0.8361      0.1615    
   3.267      0.8506      0.1495    
   3.333      0.8641      0.1380    
   3.400      0.8767      0.1270    
   3.467      0.8883      0.1165    
   3.533      0.8990      0.1066    
   3.600      0.9089      0.9731E-01
   3.667      0.9179      0.8854E-01
   3.733      0.9262      0.8035E-01
   3.800      0.9338      0.7273E-01
   3.867      0.9407      0.6565E-01
   3.933      0.9470      0.5912E-01
   4.000      0.9527      0.5310E-01
   4.067      0.9579      0.4758E-01
   4.133      0.9625      0.4253E-01
   4.200      0.9668      0.3793E-01
   4.267      0.9706      0.3375E-01
   4.333      0.9740      0.2996E-01
   4.400      0.9770      0.2653E-01
   4.467      0.9798      0.2345E-01
   4.533      0.9822      0.2067E-01
   4.600      0.9844      0.1819E-01
   4.667      0.9863      0.1597E-01
   4.733      0.9880      0.1399E-01
   4.800      0.9896      0.1223E-01
   4.867      0.9909      0.1067E-01
   4.933      0.9921      0.9292E-02
   5.000      0.9931      0.8074E-02
   5.067      0.9941      0.7001E-02
   5.133      0.9949      0.6058E-02
   5.200      0.9956      0.5232E-02
   5.267      0.9962      0.4510E-02
   5.333      0.9967      0.3879E-02
   5.400      0.9972      0.3331E-02
   5.467      0.9976      0.2854E-02
   5.533      0.9979      0.2440E-02
   5.600      0.9982      0.2083E-02
   5.667      0.9985      0.1774E-02
   5.733      0.9987      0.1508E-02
   5.800      0.9989      0.1280E-02
   5.867      0.9991      0.1084E-02
   5.933      0.9992      0.9161E-03
   6.000      0.9993      0.7728E-03
   6.067      0.9995      0.6506E-03
   6.133      0.9995      0.5467E-03
   6.200      0.9996      0.4585E-03
   6.267      0.9997      0.3838E-03
   6.333      0.9997      0.3206E-03
   6.400      0.9998      0.2673E-03
   6.467      0.9998      0.2224E-03
   6.533      0.9998      0.1846E-03
   6.600      0.9999      0.1530E-03
   6.667      0.9999      0.1265E-03
   6.733      0.9999      0.1044E-03
   6.800      0.9999      0.8596E-04
   6.867      0.9999      0.7062E-04
   6.933       1.000      0.5789E-04
   7.000       1.000      0.4733E-04
   7.067       1.000      0.3860E-04
   7.133       1.000      0.3140E-04
   7.200       1.000      0.2546E-04
   7.267       1.000      0.2059E-04
   7.333       1.000      0.1658E-04
   7.400       1.000      0.1331E-04
   7.467       1.000      0.1063E-04
   7.533       1.000      0.8446E-05
   7.600       1.000      0.6669E-05
   7.667       1.000      0.5225E-05
   7.733       1.000      0.4054E-05
   7.800       1.000      0.3107E-05
   7.867       1.000      0.2342E-05
   7.933       1.000      0.1725E-05
   8.000       1.000      0.1229E-05
   8.067       1.000      0.8313E-06
   8.133       1.000      0.5124E-06
   8.200       1.000      0.2574E-06
   8.267       1.000      0.5385E-07
   8.333       1.000      -.1082E-06
   8.400       1.000      -.2371E-06
   8.467       1.000      -.3393E-06
   8.533       1.000      -.4203E-06
   8.600       1.000      -.4842E-06
   8.667       1.000      -.5347E-06
   8.733       1.000      -.5744E-06
   8.800       1.000      -.6056E-06
   8.867       1.000      -.6301E-06
   8.933       1.000      -.6492E-06
   9.000       1.000      -.6642E-06
   9.067       1.000      -.6758E-06
   9.133       1.000      -.6849E-06
   9.200       1.000      -.6919E-06
   9.267       1.000      -.6974E-06
   9.333       1.000      -.7016E-06
   9.400       1.000      -.7049E-06
   9.467       1.000      -.7074E-06
   9.533       1.000      -.7093E-06
   9.600       1.000      -.7108E-06
   9.667       1.000      -.7119E-06
   9.733       1.000      -.7128E-06
   9.800       1.000      -.7135E-06
   9.867       1.000      -.7140E-06
   9.933       1.000      -.7144E-06
   10.00       1.000      -.7147E-06
   10.07       1.000      -.7149E-06
   10.13       1.000      -.7151E-06
   10.20       1.000      -.7152E-06
   10.27       1.000      -.7153E-06
   10.33       1.000      -.7154E-06
   10.40       1.000      -.7154E-06
   10.47       1.000      -.7155E-06
   10.53       1.000      -.7155E-06
   10.60       1.000      -.7155E-06
   10.67       1.000      -.7156E-06
   10.73       1.000      -.7156E-06
   10.80       1.000      -.7156E-06
   10.87       1.000      -.7156E-06
   10.93       1.000      -.7156E-06
   11.00       1.000      -.7156E-06
   11.07       1.000      -.7157E-06
   11.13       1.000      -.7157E-06
   11.20       1.000      -.7157E-06
   11.27       1.000      -.7157E-06
   11.33       1.000      -.7157E-06
   11.40       1.000      -.7157E-06
   11.47       1.000      -.7157E-06
   11.53       1.000      -.7157E-06
   11.60       1.000      -.7157E-06
   11.67       1.000      -.7157E-06
   11.73       1.000      -.7157E-06
   11.80       1.000      -.7158E-06
   11.87       1.000      -.7158E-06
   11.93       1.000      -.7158E-06
   12.00       1.000      -.7158E-06
   12.07       1.000      -.7158E-06
   12.13       1.000      -.7158E-06
   12.20       1.000      -.7158E-06
   12.27       1.000      -.7158E-06
   12.33       1.000      -.7158E-06
   12.40       1.000      -.7158E-06
   12.47       1.000      -.7158E-06
   12.53       1.000      -.7158E-06
   12.60       1.000      -.7158E-06
   12.67       1.000      -.7159E-06
   12.73       1.000      -.7159E-06
   12.80       1.000      -.7159E-06
   12.87       1.000      -.7159E-06
   12.93       1.000      -.7159E-06
   13.00       1.000      -.7159E-06
   13.07       1.000      -.7159E-06
   13.13       1.000      -.7159E-06
   13.20       1.000      -.7159E-06
   13.27       1.000      -.7159E-06
   13.33       1.000      -.7159E-06
   13.40       1.000      -.7159E-06
   13.47       1.000      -.7159E-06
   13.53       1.000      -.7160E-06
   13.60       1.000      -.7160E-06
   13.67       1.000      -.7160E-06
   13.73       1.000      -.7160E-06
   13.80       1.000      -.7160E-06
   13.87       1.000      -.7160E-06
   13.93       1.000      -.7160E-06
   14.00       1.000      -.7160E-06
   14.07       1.000      -.7160E-06
   14.13       1.000      -.7160E-06
   14.20       1.000      -.7160E-06
   14.27       1.000      -.7160E-06
   14.33       1.000      -.7160E-06
   14.40       1.000      -.7160E-06
   14.47       1.000      -.7161E-06
   14.53       1.000      -.7161E-06
   14.60       1.000      -.7161E-06
   14.67       1.000      -.7161E-06
   14.73       1.000      -.7161E-06
   14.80       1.000      -.7161E-06
   14.87       1.000      -.7161E-06
   14.93       1.000      -.7161E-06
   15.00       1.000      -.7161E-06
   15.07       1.000      -.7161E-06
   15.13       1.000      -.7161E-06
   15.20       1.000      -.7161E-06
   15.27       1.000      -.7161E-06
   15.33       1.000      -.7161E-06
   15.40       1.000      -.7161E-06
   15.47       1.000      -.7162E-06
   15.53       1.000      -.7162E-06
   15.60       1.000      -.7162E-06
   15.67       1.000      -.7162E-06
   15.73       1.000      -.7162E-06
   15.80       1.000      -.7162E-06
   15.87       1.000      -.7162E-06
   15.93       1.000      -.7162E-06
   16.00       1.000      -.7162E-06
   16.07       1.000      -.7162E-06
   16.13       1.000      -.7162E-06
   16.20       1.000      -.7162E-06
   16.27       1.000      -.7162E-06
   16.33       1.000      -.7162E-06
   16.40       1.000      -.7162E-06
   16.47       1.000      -.7163E-06
   16.53       1.000      -.7163E-06
   16.60       1.000      -.7163E-06
   16.67       1.000      -.7163E-06
   16.73       1.000      -.7163E-06
   16.80       1.000      -.7163E-06
   16.87       1.000      -.7163E-06
   16.93       1.000      -.7163E-06
   17.00       1.000      -.7163E-06
   17.07       1.000      -.7163E-06
   17.13       1.000      -.7163E-06
   17.20       1.000      -.7163E-06
   17.27       1.000      -.7163E-06
   17.33       1.000      -.7163E-06
   17.40       1.000      -.7163E-06
   17.47       1.000      -.7163E-06
   17.53       1.000      -.7163E-06
   17.60       1.000      -.7163E-06
   17.67       1.000      -.7163E-06
   17.73       1.000      -.7163E-06
   17.80       1.000      -.7163E-06
   17.87       1.000      -.7164E-06
   17.93       1.000      -.7164E-06
   18.00       1.000      -.7164E-06
   18.07       1.000      -.7164E-06
   18.13       1.000      -.7164E-06
   18.20       1.000      -.7164E-06
   18.27       1.000      -.7164E-06
   18.33       1.000      -.7164E-06
   18.40       1.000      -.7164E-06
   18.47       1.000      -.7164E-06
   18.53       1.000      -.7164E-06
   18.60       1.000      -.7164E-06
   18.67       1.000      -.7164E-06
   18.73       1.000      -.7164E-06
   18.80       1.000      -.7164E-06
   18.87       1.000      -.7164E-06
   18.93       1.000      -.7164E-06
   19.00       1.000      -.7164E-06
   19.07       1.000      -.7164E-06
   19.13       1.000      -.7164E-06
   19.20       1.000      -.7164E-06
   19.27       1.000      -.7164E-06
   19.33       1.000      -.7164E-06
   19.40       1.000      -.7164E-06
   19.47       1.000      -.7164E-06
   19.53       1.000      -.7165E-06
   19.60       1.000      -.7165E-06
   19.67       1.000      -.7165E-06
   19.73       1.000      -.7165E-06
   19.80       1.000      -.7165E-06
   19.87       1.000      -.7165E-06
   19.93       1.000      -.7165E-06
   20.00       1.000      -.7165E-06
