 FRESCO - FRES 2.9: Coupled Reaction Channels
 Assuming NAMELIST input.

 example of p+112Cd elastic scattering                                           

   0.100  20.000   0.500   0.000   0.000   0.000   0.000   0.000   0.000   0.000

 Centre-of-mass Range is    202 * 0.1000 fm., Maximum at  20.00 fm., Interpolating NL forms every  0.50 fm.
 Non - locality width is      4 * 0.1000 fm., Maximum of   0.30 fm., Centred at  0.00 fm.
 2-Nucleon Separation of      0 * 0.5000 fm., Maximum of   0.00 fm., Minimum at  0.00 fm.
 Maximum single particle bins of 20.0000 fm.
               M,Mint =  201 201


 Range of total J is     0.0 <= J <=   200.0 (at least     0.0) and Absorbtion =>     0.0010 mb.
 Dry Run = F, CC set limits =  0  0, Relativistic kinematics =  , Both/Far/Near Analyses =  1

 Cross Sections (and up to T0 for 0=projectile) for Theta from   0.0 to 180.0 in steps of  1.0 degrees.  Coordinates = 0 (Mads)

 Lower Radial Cutoff = maximum of -1.60*L*h &       0.0 fm.,  Lower Cutoff for Couplings =   0.0  fm.


 Iterate Couplings between   0 and   0 times, to  0.000 % if sooner.                                          
  Block solved exactly =   0 chs., with Pade = 0 & Isocen =  =0, NOSOL = F, initwf =  0
  NL quadrature with   18 Gaussian points, Calculate multipoles up to   206 from   0
  M-transfers for lp+lt greater than or equal to  6, Angular Integration Cutoff below  2.7778 %


 Trace switches are :  CHANS =  1, LISTCC =  0, TRENEG =  0, CDETR =  0, SMATS =  2, XSTABL =  1, NLPL =  0

                       WAVES =  0, LAMPL =  0, VEFF =  0, KFUS =  0, WDISK =  0, BPM =  0, MELFIL =  0

                       CDCC =  0, NFUS =  0

 Using unit mass = 1.000000 amu and 1/fine-structure constant = 137.03599 ( 1.000000 * true ) with hc = 197.32705 MeV.fm,
  thus 2*amu/hbar^2 = 0.0478450 = 1/20.9008 and Coulomb constant = 0.1574855 so e^2 = 1.43997, and nuclear magneton= 0.1261183

 Now pre-scan input and save to file 3



 *********** PARTITION NUMBER  1 ******************************************************************************************

   PROJ=proj       MASS=  1.0000 Z=   1.0,        # STATES=    1T, TARG=target   MASS=112.0000 Z=  48.0,     Q-VALUE =  -0.0000 MEV.

     1:  J= 0.5+ (B# 1), E=  0.0000, K= 0.5              Potl#  1       J= 0.0+ (B# 1), E=  0.0000, K= 0.0    


 ************************************************************************************************************************************

 The following POTENTIALS are defined :

  KP#       TYPE      IT    SHAPE      at     V1        r1        a1        V2        r2        a2        A-in     A-used


                                            A#1       A#2        r0c       ac                                                h @ 1
    1    0=Coulomb       0=CHARGE (WS)  1   112.000     0.000    1.2000    0.0000    0.0000    0.0000     0.000   112.000   0.10000

    1    1=Volume        0=Woods-Saxon  2   52.5000    1.1700    0.7500    3.5000    1.3200    0.6100     0.000   112.000
0Incoming partition  1 in excitation state # 1,   Laboratory Energy given for partition  1 Nucleus 1 in Excitation pair 1

0Lab. ENERGY ranges :

   from    27.9000     to   0.00000     in     0 intervals
   from    0.00000     to   0.00000     in     0 intervals
   from    0.00000     to   0.00000     in     0 intervals

 Largest real,imaginary parts of any form factor at R=   18.90 are   7.62E-02  4.15E-09 MeV
 Finished all Couplings @  0. 2

 Symmetric Hamiltonian
1***********************************************************************************************************************************
************************************************************************************************************************************

        INCOMING proj     ;    LABORATORY proj     ENERGY =   27.900     MeV.

 ***********************************************************************************************************************************
 ***********************************************************************************************************************************


  NOTE: Coulomb excitation cut off below   0.818 deg by JTMAX, and below   7.160 deg by Rmax

 Allocate arrays for  2  channels, of which  1  need wfs.

 ######################################################################################################################
 #                                                                                                                    #
 # Total SPIN and PARITY =     0.5 +,    1 channels,    0 in 1st block.  Rmin & Coul turning =    0.0    2.5 fm.  #
 #                                                                                                                    #
 ######################################################################################################################



    C Projectl Target   #   EX.   (L  Proj) J  + Targ = Jtotal     E-cm      Re K     Re Eta     RM*K            CH
    1 proj     target   #    1: I   0 0.5    0.5  0.0     0.5    27.65310   1.14514   1.43113   22.9029   0.51694   0.00215 1 1 1   1
   S-matrix    1 =   -0.18442   0.47037 for L=    0, J=    0.5 channel on core I =   0.0 from L=    0,  Acc. loss =  0.0 D.
 Elastic phase shift   1 =   55.705  19.559 deg. for the L =    0, J =    0.5 channel.
       0.5 -0.18442086  0.47036578i: elastic S-matrix  @@      0.00  0   0 F  0
 Reaction Xsec     0.5+/ 0 @ 1 =  17.842 , Out:   0.000#


 Total SPIN, PARITY =     0.5 -,    1 chs,    0 cc.  Rmin & Coul turning =    0.0    2.5
   S-matrix    1 =    0.52958  -0.02408 for L=    1, J=    0.5 channel on core I =   0.0 from L=    1,  Acc. loss =  0.0 D.
 Elastic phase shift   1 =   -1.302  18.181 deg. for the L =    1, J =    0.5 channel.
       0.5  0.52957540 -0.02407789i: elastic S-matrix  @@      0.00  0   0 F  0
 Reaction Xsec     0.5-/ 1 @ 1 =  17.224 , Out:   0.000#


 Total SPIN, PARITY =     1.5 +,    1 chs,    0 cc.  Rmin & Coul turning =    0.1    3.0
   S-matrix    1 =   -0.01655  -0.50056 for L=    2, J=    1.5 channel on core I =   0.0 from L=    2,  Acc. loss =  0.0 D.
 Elastic phase shift   1 =  -45.947  19.810 deg. for the L =    2, J =    1.5 channel.
       1.5 -0.01654533 -0.50055615i: elastic S-matrix  @@      0.00  0   0 F  0
 Reaction Xsec     1.5+/ 2 @ 1 =  35.895 , Out:   0.000#


 Total SPIN, PARITY =     1.5 -,    1 chs,    0 cc.  Rmin & Coul turning =    0.1    3.0
   S-matrix    1 =    0.52958  -0.02408 for L=    1, J=    1.5 channel on core I =   0.0 from L=    1,  Acc. loss =  0.0 D.
 Elastic phase shift   1 =   -1.302  18.181 deg. for the L =    1, J =    1.5 channel.
       1.5  0.52957540 -0.02407789i: elastic S-matrix  @@      0.00  0   0 F  0
 Reaction Xsec     1.5-/ 1 @ 1 =  34.449 , Out:   0.000#


 Total SPIN, PARITY =     2.5 +,    1 chs,    0 cc.  Rmin & Coul turning =    0.3    3.7
   S-matrix    1 =   -0.01655  -0.50056 for L=    2, J=    2.5 channel on core I =   0.0 from L=    2,  Acc. loss =  0.0 D.
 Elastic phase shift   1 =  -45.947  19.810 deg. for the L =    2, J =    2.5 channel.
       2.5 -0.01654533 -0.50055615i: elastic S-matrix  @@      0.00  0   0 F  0
 Reaction Xsec     2.5+/ 2 @ 1 =  53.843 , Out:   0.000#


 Total SPIN, PARITY =     2.5 -,    1 chs,    0 cc.  Rmin & Coul turning =    0.3    3.7
   S-matrix    1 =   -0.53826  -0.13366 for L=    3, J=    2.5 channel on core I =   0.0 from L=    3,  Acc. loss =  0.0 D.
 Elastic phase shift   1 =  -83.027  16.888 deg. for the L =    3, J =    2.5 channel.
       2.5 -0.53825858 -0.13365782i: elastic S-matrix  @@      0.00  0   0 F  0
 Reaction Xsec     2.5-/ 3 @ 1 =  49.764 , Out:   0.000#


 Total SPIN, PARITY =     3.5 +,    1 chs,    0 cc.  Rmin & Coul turning =    0.4    4.5
   S-matrix    1 =   -0.26996   0.40833 for L=    4, J=    3.5 channel on core I =   0.0 from L=    4,  Acc. loss =  0.0 D.
 Elastic phase shift   1 =   61.735  20.465 deg. for the L =    4, J =    3.5 channel.
       3.5 -0.26996039  0.40832706i: elastic S-matrix  @@      0.00  0   0 F  0
 Reaction Xsec     3.5+/ 4 @ 1 =  72.866 , Out:   0.000#


 Total SPIN, PARITY =     3.5 -,    1 chs,    0 cc.  Rmin & Coul turning =    0.4    4.5
   S-matrix    1 =   -0.53826  -0.13366 for L=    3, J=    3.5 channel on core I =   0.0 from L=    3,  Acc. loss =  0.0 D.
 Elastic phase shift   1 =  -83.027  16.888 deg. for the L =    3, J =    3.5 channel.
       3.5 -0.53825858 -0.13365782i: elastic S-matrix  @@      0.00  0   0 F  0
 Reaction Xsec     3.5-/ 3 @ 1 =  66.352 , Out:   0.000#


 Total SPIN, PARITY =     4.5 +,    1 chs,    0 cc.  Rmin & Coul turning =    0.6    5.4
   S-matrix    1 =   -0.26996   0.40833 for L=    4, J=    4.5 channel on core I =   0.0 from L=    4,  Acc. loss =  0.0 D.
 Elastic phase shift   1 =   61.735  20.465 deg. for the L =    4, J =    4.5 channel.
       4.5 -0.26996039  0.40832706i: elastic S-matrix  @@      0.00  0   0 F  0
 Reaction Xsec     4.5+/ 4 @ 1 =  91.083 , Out:   0.000#


 Total SPIN, PARITY =     4.5 -,    1 chs,    0 cc.  Rmin & Coul turning =    0.6    5.4
   S-matrix    1 =    0.52255   0.22623 for L=    5, J=    4.5 channel on core I =   0.0 from L=    5,  Acc. loss =  0.0 D.
 Elastic phase shift   1 =   11.705  16.133 deg. for the L =    5, J =    4.5 channel.
       4.5  0.52255023  0.22623188i: elastic S-matrix  @@      0.00  0   0 F  0
 Reaction Xsec     4.5-/ 5 @ 1 =  80.945 , Out:   0.000#


 Total SPIN, PARITY =     5.5 +,    1 chs,    0 cc.  Rmin & Coul turning =    0.8    6.2
   S-matrix    1 =    0.46715  -0.38099 for L=    6, J=    5.5 channel on core I =   0.0 from L=    6,  Acc. loss =  0.0 D.
 Elastic phase shift   1 =  -19.600  14.500 deg. for the L =    6, J =    5.5 channel.
       5.5  0.46715008 -0.38099231i: elastic S-matrix  @@      0.00  0   0 F  0
 Reaction Xsec     5.5+/ 6 @ 1 =  91.508 , Out:   0.000#


 Total SPIN, PARITY =     5.5 -,    1 chs,    0 cc.  Rmin & Coul turning =    0.8    6.2
   S-matrix    1 =    0.52255   0.22623 for L=    5, J=    5.5 channel on core I =   0.0 from L=    5,  Acc. loss =  0.0 D.
 Elastic phase shift   1 =   11.705  16.133 deg. for the L =    5, J =    5.5 channel.
       5.5  0.52255023  0.22623188i: elastic S-matrix  @@      0.00  0   0 F  0
 Reaction Xsec     5.5-/ 5 @ 1 =  97.135 , Out:   0.000#


 Total SPIN, PARITY =     6.5 +,    1 chs,    0 cc.  Rmin & Coul turning =    0.9    7.0
   S-matrix    1 =    0.46715  -0.38099 for L=    6, J=    6.5 channel on core I =   0.0 from L=    6,  Acc. loss =  0.0 D.
 Elastic phase shift   1 =  -19.600  14.500 deg. for the L =    6, J =    6.5 channel.
       6.5  0.46715008 -0.38099231i: elastic S-matrix  @@      0.00  0   0 F  0
 Reaction Xsec     6.5+/ 6 @ 1 = 106.759 , Out:   0.000#


 Total SPIN, PARITY =     6.5 -,    1 chs,    0 cc.  Rmin & Coul turning =    0.9    7.0
   S-matrix    1 =    0.25225   0.50112 for L=    7, J=    6.5 channel on core I =   0.0 from L=    7,  Acc. loss =  0.0 D.
 Elastic phase shift   1 =   31.640  16.558 deg. for the L =    7, J =    6.5 channel.
       6.5  0.25225351  0.50111666i: elastic S-matrix  @@      0.00  0   0 F  0
 Reaction Xsec     6.5-/ 7 @ 1 = 114.915 , Out:   0.000#


 Total SPIN, PARITY =     7.5 +,    1 chs,    0 cc.  Rmin & Coul turning =    1.1    7.9
   S-matrix    1 =    0.93475   0.22414 for L=    8, J=    7.5 channel on core I =   0.0 from L=    8,  Acc. loss =  0.0 D.
 Elastic phase shift   1 =    6.742   1.132 deg. for the L =    8, J =    7.5 channel.
       7.5  0.93474786  0.22414064i: elastic S-matrix  @@      0.00  0   0 F  0
 Reaction Xsec     7.5+/ 8 @ 1 =  14.567 , Out:   0.000#


 Total SPIN, PARITY =     7.5 -,    1 chs,    0 cc.  Rmin & Coul turning =    1.1    7.9
   S-matrix    1 =    0.25225   0.50112 for L=    7, J=    7.5 channel on core I =   0.0 from L=    7,  Acc. loss =  0.0 D.
 Elastic phase shift   1 =   31.640  16.558 deg. for the L =    7, J =    7.5 channel.
       7.5  0.25225351  0.50111666i: elastic S-matrix  @@      0.00  0   0 F  0
 Reaction Xsec     7.5-/ 7 @ 1 = 131.331 , Out:   0.000#


 Total SPIN, PARITY =     8.5 +,    1 chs,    0 cc.  Rmin & Coul turning =    1.2    8.8
   S-matrix    1 =    0.93475   0.22414 for L=    8, J=    8.5 channel on core I =   0.0 from L=    8,  Acc. loss =  0.0 D.
 Elastic phase shift   1 =    6.742   1.132 deg. for the L =    8, J =    8.5 channel.
       8.5  0.93474786  0.22414064i: elastic S-matrix  @@      0.00  0   0 F  0
 Reaction Xsec     8.5+/ 8 @ 1 =  16.388 , Out:   0.000#


 Total SPIN, PARITY =     8.5 -,    1 chs,    0 cc.  Rmin & Coul turning =    1.2    8.8
   S-matrix    1 =    0.99031   0.06938 for L=    9, J=    8.5 channel on core I =   0.0 from L=    9,  Acc. loss =  0.0 D.
 Elastic phase shift   1 =    2.004   0.209 deg. for the L =    9, J =    8.5 channel.
       8.5  0.99030930  0.06937509i: elastic S-matrix  @@      0.00  0   0 F  0
 Reaction Xsec     8.5-/ 9 @ 1 =   3.121 , Out:   0.000#


 Total SPIN, PARITY =     9.5 +,    1 chs,    0 cc.  Rmin & Coul turning =    1.4    9.6
   S-matrix    1 =    0.99799   0.02285 for L=   10, J=    9.5 channel on core I =   0.0 from L=   10,  Acc. loss =  0.0 D.
 Elastic phase shift   1 =    0.656   0.050 deg. for the L =   10, J =    9.5 channel.
       9.5  0.99799141  0.02285237i: elastic S-matrix  @@      0.00  0   0 F  0
 Reaction Xsec     9.5+/10 @ 1 =   0.836 , Out:   0.000#


 Total SPIN, PARITY =     9.5 -,    1 chs,    0 cc.  Rmin & Coul turning =    1.4    9.6
   S-matrix    1 =    0.99031   0.06938 for L=    9, J=    9.5 channel on core I =   0.0 from L=    9,  Acc. loss =  0.0 D.
 Elastic phase shift   1 =    2.004   0.209 deg. for the L =    9, J =    9.5 channel.
       9.5  0.99030930  0.06937509i: elastic S-matrix  @@      0.00  0   0 F  0
 Reaction Xsec     9.5-/ 9 @ 1 =   3.468 , Out:   0.000#


 Total SPIN, PARITY =    10.5 +,    1 chs,    0 cc.  Rmin & Coul turning =    1.6   10.5
   S-matrix    1 =    0.99799   0.02285 for L=   10, J=   10.5 channel on core I =   0.0 from L=   10,  Acc. loss =  0.0 D.
 Elastic phase shift   1 =    0.656   0.050 deg. for the L =   10, J =   10.5 channel.
      10.5  0.99799141  0.02285237i: elastic S-matrix  @@      0.00  0   0 F  0
 Reaction Xsec    10.5+/10 @ 1 =   0.920 , Out:   0.000#


 Total SPIN, PARITY =    10.5 -,    1 chs,    0 cc.  Rmin & Coul turning =    1.6   10.5
   S-matrix    1 =    0.99951   0.00772 for L=   11, J=   10.5 channel on core I =   0.0 from L=   11,  Acc. loss =  0.0 D.
 Elastic phase shift   1 =    0.221   0.013 deg. for the L =   11, J =   10.5 channel.
      10.5  0.99951451  0.00772158i: elastic S-matrix  @@      0.00  0   0 F  0
 Reaction Xsec    10.5-/11 @ 1 =   0.240 , Out:   0.000#


 Total SPIN, PARITY =    11.5 +,    1 chs,    0 cc.  Rmin & Coul turning =    1.7   11.4
   S-matrix    1 =    0.99987   0.00263 for L=   12, J=   11.5 channel on core I =   0.0 from L=   12,  Acc. loss =  0.0 D.
 Elastic phase shift   1 =    0.075   0.004 deg. for the L =   12, J =   11.5 channel.
      11.5  0.99987421  0.00263131i: elastic S-matrix  @@      0.00  0   0 F  0
 Reaction Xsec    11.5+/12 @ 1 =   0.070 , Out:   0.000#


 Total SPIN, PARITY =    11.5 -,    1 chs,    0 cc.  Rmin & Coul turning =    1.7   11.4
   S-matrix    1 =    0.99951   0.00772 for L=   11, J=   11.5 channel on core I =   0.0 from L=   11,  Acc. loss =  0.0 D.
 Elastic phase shift   1 =    0.221   0.013 deg. for the L =   11, J =   11.5 channel.
      11.5  0.99951451  0.00772158i: elastic S-matrix  @@      0.00  0   0 F  0
 Reaction Xsec    11.5-/11 @ 1 =   0.262 , Out:   0.000#


 Total SPIN, PARITY =    12.5 +,    1 chs,    0 cc.  Rmin & Coul turning =    1.9   12.2
   S-matrix    1 =    0.99987   0.00263 for L=   12, J=   12.5 channel on core I =   0.0 from L=   12,  Acc. loss =  0.0 D.
 Elastic phase shift   1 =    0.075   0.004 deg. for the L =   12, J =   12.5 channel.
      12.5  0.99987421  0.00263131i: elastic S-matrix  @@      0.00  0   0 F  0
 Reaction Xsec    12.5+/12 @ 1 =   0.076 , Out:   0.000#


 Total SPIN, PARITY =    12.5 -,    1 chs,    0 cc.  Rmin & Coul turning =    1.9   12.2
   S-matrix    1 =    0.99997   0.00090 for L=   13, J=   12.5 channel on core I =   0.0 from L=   13,  Acc. loss =  0.0 D.
 Elastic phase shift   1 =    0.026   0.001 deg. for the L =   13, J =   12.5 channel.
      12.5  0.99996642  0.00089838i: elastic S-matrix  @@      0.00  0   0 F  0
 Reaction Xsec    12.5-/13 @ 1 =   0.021 , Out:   0.000#


 Total SPIN, PARITY =    13.5 +,    1 chs,    0 cc.  Rmin & Coul turning =    2.0   13.1
   S-matrix    1 =    0.99999   0.00031 for L=   14, J=   13.5 channel on core I =   0.0 from L=   14,  Acc. loss =  0.0 D.
 Elastic phase shift   1 =    0.009   0.000 deg. for the L =   14, J =   13.5 channel.
      13.5  0.99999092  0.00030656i: elastic S-matrix  @@      0.00  0   0 F  0
 Reaction Xsec    13.5+/14 @ 1 =   6.056/, Out:   0.000#


 Total SPIN, PARITY =    13.5 -,    1 chs,    0 cc.  Rmin & Coul turning =    2.0   13.1
   S-matrix    1 =    0.99997   0.00090 for L=   13, J=   13.5 channel on core I =   0.0 from L=   13,  Acc. loss =  0.0 D.
 Elastic phase shift   1 =    0.026   0.001 deg. for the L =   13, J =   13.5 channel.
      13.5  0.99996642  0.00089838i: elastic S-matrix  @@      0.00  0   0 F  0
 Reaction Xsec    13.5-/13 @ 1 =   0.022 , Out:   0.000#


 Total SPIN, PARITY =    14.5 +,    1 chs,    0 cc.  Rmin & Coul turning =    2.2   14.0
   S-matrix    1 =    0.99999   0.00031 for L=   14, J=   14.5 channel on core I =   0.0 from L=   14,  Acc. loss =  0.0 D.
 Elastic phase shift   1 =    0.009   0.000 deg. for the L =   14, J =   14.5 channel.
      14.5  0.99999092  0.00030656i: elastic S-matrix  @@      0.00  0   0 F  0
 Reaction Xsec    14.5+/14 @ 1 =   6.489/, Out:   0.000#


 Total SPIN, PARITY =    14.5 -,    1 chs,    0 cc.  Rmin & Coul turning =    2.2   14.0
   S-matrix    1 =    1.00000   0.00010 for L=   15, J=   14.5 channel on core I =   0.0 from L=   15,  Acc. loss =  0.0 D.
 Elastic phase shift   1 =    0.003   0.000 deg. for the L =   15, J =   14.5 channel.
      14.5  0.99999754  0.00010448i: elastic S-matrix  @@      0.00  0   0 F  0
 Reaction Xsec    14.5-/15 @ 1 =   1.766/, Out:   0.000#


 Total SPIN, PARITY =    15.5 +,    1 chs,    0 cc.  Rmin & Coul turning =    2.4   14.8
   S-matrix    1 =    1.00000   0.00004 for L=   16, J=   15.5 channel on core I =   0.0 from L=   16,  Acc. loss =  0.0 D.
 Elastic phase shift   1 =    0.001   0.000 deg. for the L =   16, J =   15.5 channel.
      15.5  0.99999933  0.00003553i: elastic S-matrix  @@      0.00  0   0 F  0
 Reaction Xsec    15.5+/16 @ 1 =   0.512/, Out:   0.000#


 Total SPIN, PARITY =    15.5 -,    1 chs,    0 cc.  Rmin & Coul turning =    2.4   14.8
   S-matrix    1 =    1.00000   0.00010 for L=   15, J=   15.5 channel on core I =   0.0 from L=   15,  Acc. loss =  0.0 D.
 Elastic phase shift   1 =    0.003   0.000 deg. for the L =   15, J =   15.5 channel.
      15.5  0.99999754  0.00010448i: elastic S-matrix  @@      0.00  0   0 F  0
 Reaction Xsec    15.5-/15 @ 1 =   1.884/, Out:   0.000#


 Total SPIN, PARITY =    16.5 +,    1 chs,    0 cc.  Rmin & Coul turning =    2.5   15.7
   S-matrix    1 =    1.00000   0.00004 for L=   16, J=   16.5 channel on core I =   0.0 from L=   16,  Acc. loss =  0.0 D.
 Elastic phase shift   1 =    0.001   0.000 deg. for the L =   16, J =   16.5 channel.
      16.5  0.99999933  0.00003553i: elastic S-matrix  @@      0.00  0   0 F  0
 Reaction Xsec    16.5+/16 @ 1 =   0.544/, Out:   0.000#

 Finished all CC sets @  0.
0CUMULATIVE REACTION cross section                 = 1101.92052  <L> =     4.94  <L**2> =     28.4
0CUMULATIVE outgoing cross sections in partition 1 :    0.00000
0Cumulative ABSORBTION by Imaginary Potentials     = 1101.92052  <L> =     4.94  <L**2> =     28.4
   Fusion for specific proj     M-states : 1509.186816 1509.186816
0CUMULATIVE OUTGOING cross section                 =    0.00000
 To convert to S-factors (MeV.mb = keV.b),  multiply by  2.2230E+05


 CROSS SECTIONS FOR OUTGOING proj     & target   in state #   1 with spins & parities 0.5  + & 0.0  +;  0

     0.01 deg.: X-S =   6.7327E+16 mb/sr,
+                                         /R =   1.0000E+00
     1.00 deg.: X-S =   6.7117E+08 mb/sr,
+                                         /R =   9.9683E-01
     2.00 deg.: X-S =   4.1824E+07 mb/sr,
+                                         /R =   9.9373E-01
     3.00 deg.: X-S =   8.5489E+06 mb/sr,
+                                         /R =   1.0280E+00
     4.00 deg.: X-S =   2.8145E+06 mb/sr,
+                                         /R =   1.0693E+00
     5.00 deg.: X-S =   1.1704E+06 mb/sr,
+                                         /R =   1.0851E+00
     6.00 deg.: X-S =   5.5340E+05 mb/sr,
+                                         /R =   1.0633E+00
     7.00 deg.: X-S =   2.8323E+05 mb/sr,
+                                         /R =   1.0075E+00
     8.00 deg.: X-S =   1.5326E+05 mb/sr,
+                                         /R =   9.2935E-01
     9.00 deg.: X-S =   8.6785E+04 mb/sr,
+                                         /R =   8.4224E-01
    10.00 deg.: X-S =   5.1299E+04 mb/sr,
+                                         /R =   7.5808E-01
    11.00 deg.: X-S =   3.1710E+04 mb/sr,
+                                         /R =   6.8533E-01
    12.00 deg.: X-S =   2.0563E+04 mb/sr,
+                                         /R =   6.2871E-01
    13.00 deg.: X-S =   1.4014E+04 mb/sr,
+                                         /R =   5.8943E-01
    14.00 deg.: X-S =   1.0019E+04 mb/sr,
+                                         /R =   5.6599E-01
    15.00 deg.: X-S =  7467.052835 mb/sr,
+                                         /R =   5.5509E-01
    16.00 deg.: X-S =  5750.125936 mb/sr,
+                                         /R =   5.5248E-01
    17.00 deg.: X-S =  4530.527517 mb/sr,
+                                         /R =   5.5383E-01
    18.00 deg.: X-S =  3620.479219 mb/sr,
+                                         /R =   5.5529E-01
    19.00 deg.: X-S =  2914.754787 mb/sr,
+                                         /R =   5.5394E-01
    20.00 deg.: X-S =  2353.486944 mb/sr,
+                                         /R =   5.4804E-01
    21.00 deg.: X-S =  1901.447070 mb/sr,
+                                         /R =   5.3708E-01
    22.00 deg.: X-S =  1536.550038 mb/sr,
+                                         /R =   5.2163E-01
    23.00 deg.: X-S =  1243.570950 mb/sr,
+                                         /R =   5.0317E-01
    24.00 deg.: X-S =  1010.811333 mb/sr,
+                                         /R =   4.8373E-01
    25.00 deg.: X-S =   828.422258 mb/sr,
+                                         /R =   4.6561E-01
    26.00 deg.: X-S =   687.639717 mb/sr,
+                                         /R =   4.5096E-01
    27.00 deg.: X-S =   580.502055 mb/sr,
+                                         /R =   4.4154E-01
    28.00 deg.: X-S =   499.802211 mb/sr,
+                                         /R =   4.3845E-01
    29.00 deg.: X-S =   439.134946 mb/sr,
+                                         /R =   4.4200E-01
    30.00 deg.: X-S =   392.962849 mb/sr,
+                                         /R =   4.5160E-01
    31.00 deg.: X-S =   356.662563 mb/sr,
+                                         /R =   4.6588E-01
    32.00 deg.: X-S =   326.534870 mb/sr,
+                                         /R =   4.8273E-01
    33.00 deg.: X-S =   299.775208 mb/sr,
+                                         /R =   4.9956E-01
    34.00 deg.: X-S =   274.408314 mb/sr,
+                                         /R =   5.1352E-01
    35.00 deg.: X-S =   249.194413 mb/sr,
+                                         /R =   5.2183E-01
    36.00 deg.: X-S =   223.515811 mb/sr,
+                                         /R =   5.2199E-01
    37.00 deg.: X-S =   197.252924 mb/sr,
+                                         /R =   5.1209E-01
    38.00 deg.: X-S =   170.658049 mb/sr,
+                                         /R =   4.9104E-01
    39.00 deg.: X-S =   144.234012 mb/sr,
+                                         /R =   4.5864E-01
    40.00 deg.: X-S =   118.623387 mb/sr,
+                                         /R =   4.1572E-01
    41.00 deg.: X-S =    94.512463 mb/sr,
+                                         /R =   3.6409E-01
    42.00 deg.: X-S =    72.552610 mb/sr,
+                                         /R =   3.0647E-01
    43.00 deg.: X-S =    53.300307 mb/sr,
+                                         /R =   2.4629E-01
    44.00 deg.: X-S =    37.175875 mb/sr,
+                                         /R =   1.8749E-01
    45.00 deg.: X-S =    24.439889 mb/sr,
+                                         /R =   1.3424E-01
    46.00 deg.: X-S =    15.185465 mb/sr,
+                                         /R =   9.0649E-02
    47.00 deg.: X-S =     9.344015 mb/sr,
+                                         /R =   6.0500E-02
    48.00 deg.: X-S =     6.701722 mb/sr,
+                                         /R =   4.6974E-02
    49.00 deg.: X-S =     6.923811 mb/sr,
+                                         /R =   5.2441E-02
    50.00 deg.: X-S =     9.583760 mb/sr,
+                                         /R =   7.8298E-02
    51.00 deg.: X-S =    14.194760 mb/sr,
+                                         /R =   1.2488E-01
    52.00 deg.: X-S =    20.241036 mb/sr,
+                                         /R =   1.9144E-01
    53.00 deg.: X-S =    27.207068 mb/sr,
+                                         /R =   2.7619E-01
    54.00 deg.: X-S =    34.603167 mb/sr,
+                                         /R =   3.7646E-01
    55.00 deg.: X-S =    41.986343 mb/sr,
+                                         /R =   4.8882E-01
    56.00 deg.: X-S =    48.975856 mb/sr,
+                                         /R =   6.0931E-01
    57.00 deg.: X-S =    55.263271 mb/sr,
+                                         /R =   7.3368E-01
    58.00 deg.: X-S =    60.617196 mb/sr,
+                                         /R =   8.5763E-01
    59.00 deg.: X-S =    64.883188 mb/sr,
+                                         /R =   9.7703E-01
    60.00 deg.: X-S =    67.979550 mb/sr,
+                                         /R =   1.0881E+00
    61.00 deg.: X-S =    69.889878 mb/sr,
+                                         /R =   1.1877E+00
    62.00 deg.: X-S =    70.653305 mb/sr,
+                                         /R =   1.2732E+00
    63.00 deg.: X-S =    70.353361 mb/sr,
+                                         /R =   1.3429E+00
    64.00 deg.: X-S =    69.106369 mb/sr,
+                                         /R =   1.3957E+00
    65.00 deg.: X-S =    67.050126 mb/sr,
+                                         /R =   1.4312E+00
    66.00 deg.: X-S =    64.333523 mb/sr,
+                                         /R =   1.4498E+00
    67.00 deg.: X-S =    61.107587 mb/sr,
+                                         /R =   1.4524E+00
    68.00 deg.: X-S =    57.518231 mb/sr,
+                                         /R =   1.4404E+00
    69.00 deg.: X-S =    53.700879 mb/sr,
+                                         /R =   1.4155E+00
    70.00 deg.: X-S =    49.776928 mb/sr,
+                                         /R =   1.3798E+00
    71.00 deg.: X-S =    45.851922 mb/sr,
+                                         /R =   1.3353E+00
    72.00 deg.: X-S =    42.015181 mb/sr,
+                                         /R =   1.2844E+00
    73.00 deg.: X-S =    38.340576 mb/sr,
+                                         /R =   1.2292E+00
    74.00 deg.: X-S =    34.888097 mb/sr,
+                                         /R =   1.1721E+00
    75.00 deg.: X-S =    31.705854 mb/sr,
+                                         /R =   1.1152E+00
    76.00 deg.: X-S =    28.832183 mb/sr,
+                                         /R =   1.0609E+00
    77.00 deg.: X-S =    26.297559 mb/sr,
+                                         /R =   1.0114E+00
    78.00 deg.: X-S =    24.126110 mb/sr,
+                                         /R =   9.6916E-01
    79.00 deg.: X-S =    22.336570 mb/sr,
+                                         /R =   9.3644E-01
    80.00 deg.: X-S =    20.942621 mb/sr,
+                                         /R =   9.1563E-01
    81.00 deg.: X-S =    19.952627 mb/sr,
+                                         /R =   9.0907E-01
    82.00 deg.: X-S =    19.368861 mb/sr,
+                                         /R =   9.1896E-01
    83.00 deg.: X-S =    19.186357 mb/sr,
+                                         /R =   9.4727E-01
    84.00 deg.: X-S =    19.391586 mb/sr,
+                                         /R =   9.9558E-01
    85.00 deg.: X-S =    19.961165 mb/sr,
+                                         /R =   1.0650E+00
    86.00 deg.: X-S =    20.860816 mb/sr,
+                                         /R =   1.1558E+00
    87.00 deg.: X-S =    22.044777 mb/sr,
+                                         /R =   1.2676E+00
    88.00 deg.: X-S =    23.455832 mb/sr,
+                                         /R =   1.3988E+00
    89.00 deg.: X-S =    25.026083 mb/sr,
+                                         /R =   1.5469E+00
    90.00 deg.: X-S =    26.678517 mb/sr,
+                                         /R =   1.7081E+00
    91.00 deg.: X-S =    28.329375 mb/sr,
+                                         /R =   1.8777E+00
    92.00 deg.: X-S =    29.891245 mb/sr,
+                                         /R =   2.0498E+00
    93.00 deg.: X-S =    31.276743 mb/sr,
+                                         /R =   2.2176E+00
    94.00 deg.: X-S =    32.402595 mb/sr,
+                                         /R =   2.3742E+00
    95.00 deg.: X-S =    33.193889 mb/sr,
+                                         /R =   2.5119E+00
    96.00 deg.: X-S =    33.588226 mb/sr,
+                                         /R =   2.6236E+00
    97.00 deg.: X-S =    33.539518 mb/sr,
+                                         /R =   2.7027E+00
    98.00 deg.: X-S =    33.021138 mb/sr,
+                                         /R =   2.7437E+00
    99.00 deg.: X-S =    32.028225 mb/sr,
+                                         /R =   2.7424E+00
   100.00 deg.: X-S =    30.578919 mb/sr,
+                                         /R =   2.6969E+00
   101.00 deg.: X-S =    28.714405 mb/sr,
+                                         /R =   2.6070E+00
   102.00 deg.: X-S =    26.497700 mb/sr,
+                                         /R =   2.4754E+00
   103.00 deg.: X-S =    24.011190 mb/sr,
+                                         /R =   2.3068E+00
   104.00 deg.: X-S =    21.353006 mb/sr,
+                                         /R =   2.1087E+00
   105.00 deg.: X-S =    18.632396 mb/sr,
+                                         /R =   1.8904E+00
   106.00 deg.: X-S =    15.964324 mb/sr,
+                                         /R =   1.6633E+00
   107.00 deg.: X-S =    13.463575 mb/sr,
+                                         /R =   1.4398E+00
   108.00 deg.: X-S =    11.238692 mb/sr,
+                                         /R =   1.2330E+00
   109.00 deg.: X-S =     9.386074 mb/sr,
+                                         /R =   1.0560E+00
   110.00 deg.: X-S =     7.984589 mb/sr,
+                                         /R =   9.2073E-01
   111.00 deg.: X-S =     7.091010 mb/sr,
+                                         /R =   8.3773E-01
   112.00 deg.: X-S =     6.736563 mb/sr,
+                                         /R =   8.1500E-01
   113.00 deg.: X-S =     6.924808 mb/sr,
+                                         /R =   8.5754E-01
   114.00 deg.: X-S =     7.631002 mb/sr,
+                                         /R =   9.6687E-01
   115.00 deg.: X-S =     8.803014 mb/sr,
+                                         /R =   1.1407E+00
   116.00 deg.: X-S =    10.363783 mb/sr,
+                                         /R =   1.3728E+00
   117.00 deg.: X-S =    12.215196 mb/sr,
+                                         /R =   1.6534E+00
   118.00 deg.: X-S =    14.243212 mb/sr,
+                                         /R =   1.9692E+00
   119.00 deg.: X-S =    16.323954 mb/sr,
+                                         /R =   2.3042E+00
   120.00 deg.: X-S =    18.330451 mb/sr,
+                                         /R =   2.6407E+00
   121.00 deg.: X-S =    20.139657 mb/sr,
+                                         /R =   2.9598E+00
   122.00 deg.: X-S =    21.639353 mb/sr,
+                                         /R =   3.2430E+00
   123.00 deg.: X-S =    22.734546 mb/sr,
+                                         /R =   3.4730E+00
   124.00 deg.: X-S =    23.352982 mb/sr,
+                                         /R =   3.6350E+00
   125.00 deg.: X-S =    23.449457 mb/sr,
+                                         /R =   3.7177E+00
   126.00 deg.: X-S =    23.008655 mb/sr,
+                                         /R =   3.7139E+00
   127.00 deg.: X-S =    22.046318 mb/sr,
+                                         /R =   3.6218E+00
   128.00 deg.: X-S =    20.608676 mb/sr,
+                                         /R =   3.4444E+00
   129.00 deg.: X-S =    18.770118 mb/sr,
+                                         /R =   3.1904E+00
   130.00 deg.: X-S =    16.629215 mb/sr,
+                                         /R =   2.8734E+00
   131.00 deg.: X-S =    14.303297 mb/sr,
+                                         /R =   2.5116E+00
   132.00 deg.: X-S =    11.921868 mb/sr,
+                                         /R =   2.1266E+00
   133.00 deg.: X-S =     9.619214 mb/sr,
+                                         /R =   1.7424E+00
   134.00 deg.: X-S =     7.526614 mb/sr,
+                                         /R =   1.3840E+00
   135.00 deg.: X-S =     5.764594 mb/sr,
+                                         /R =   1.0756E+00
   136.00 deg.: X-S =     4.435676 mb/sr,
+                                         /R =   8.3955E-01
   137.00 deg.: X-S =     3.618036 mb/sr,
+                                         /R =   6.9439E-01
   138.00 deg.: X-S =     3.360469 mb/sr,
+                                         /R =   6.5377E-01
   139.00 deg.: X-S =     3.678965 mb/sr,
+                                         /R =   7.2527E-01
   140.00 deg.: X-S =     4.555144 mb/sr,
+                                         /R =   9.0963E-01
   141.00 deg.: X-S =     5.936658 mb/sr,
+                                         /R =   1.2005E+00
   142.00 deg.: X-S =     7.739608 mb/sr,
+                                         /R =   1.5842E+00
   143.00 deg.: X-S =     9.852869 mb/sr,
+                                         /R =   2.0408E+00
   144.00 deg.: X-S =    12.144133 mb/sr,
+                                         /R =   2.5446E+00
   145.00 deg.: X-S =    14.467361 mb/sr,
+                                         /R =   3.0654E+00
   146.00 deg.: X-S =    16.671268 mb/sr,
+                                         /R =   3.5709E+00
   147.00 deg.: X-S =    18.608374 mb/sr,
+                                         /R =   4.0279E+00
   148.00 deg.: X-S =    20.144147 mb/sr,
+                                         /R =   4.4049E+00
   149.00 deg.: X-S =    21.165703 mb/sr,
+                                         /R =   4.6741E+00
   150.00 deg.: X-S =    21.589582 mb/sr,
+                                         /R =   4.8133E+00
   151.00 deg.: X-S =    21.368128 mb/sr,
+                                         /R =   4.8079E+00
   152.00 deg.: X-S =    20.494087 mb/sr,
+                                         /R =   4.6523E+00
   153.00 deg.: X-S =    19.003108 mb/sr,
+                                         /R =   4.3508E+00
   154.00 deg.: X-S =    16.973951 mb/sr,
+                                         /R =   3.9183E+00
   155.00 deg.: X-S =    14.526321 mb/sr,
+                                         /R =   3.3799E+00
   156.00 deg.: X-S =    11.816363 mb/sr,
+                                         /R =   2.7703E+00
   157.00 deg.: X-S =     9.030001 mb/sr,
+                                         /R =   2.1325E+00
   158.00 deg.: X-S =     6.374408 mb/sr,
+                                         /R =   1.5158E+00
   159.00 deg.: X-S =     4.067983 mb/sr,
+                                         /R =   9.7379E-01
   160.00 deg.: X-S =     2.329357 mb/sr,
+                                         /R =   5.6113E-01
   161.00 deg.: X-S =     1.365925 mb/sr,
+                                         /R =   3.3102E-01
   162.00 deg.: X-S =     1.362533 mb/sr,
+                                         /R =   3.3208E-01
   163.00 deg.: X-S =     2.470871 mb/sr,
+                                         /R =   6.0546E-01
   164.00 deg.: X-S =     4.800158 mb/sr,
+                                         /R =   1.1822E+00
   165.00 deg.: X-S =     8.409606 mb/sr,
+                                         /R =   2.0810E+00
   166.00 deg.: X-S =    13.303119 mb/sr,
+                                         /R =   3.3066E+00
   167.00 deg.: X-S =    19.426513 mb/sr,
+                                         /R =   4.8486E+00
   168.00 deg.: X-S =    26.667480 mb/sr,
+                                         /R =   6.6813E+00
   169.00 deg.: X-S =    34.858355 mb/sr,
+                                         /R =   8.7642E+00
   170.00 deg.: X-S =    43.781595 mb/sr,
+                                         /R =   1.1043E+01
   171.00 deg.: X-S =    53.177777 mb/sr,
+                                         /R =   1.3452E+01
   172.00 deg.: X-S =    62.755746 mb/sr,
+                                         /R =   1.5916E+01
   173.00 deg.: X-S =    72.204483 mb/sr,
+                                         /R =   1.8354E+01
   174.00 deg.: X-S =    81.206123 mb/sr,
+                                         /R =   2.0684E+01
   175.00 deg.: X-S =    89.449532 mb/sr,
+                                         /R =   2.2822E+01
   176.00 deg.: X-S =    96.643783 mb/sr,
+                                         /R =   2.4691E+01
   177.00 deg.: X-S =   102.530901 mb/sr,
+                                         /R =   2.6223E+01
   178.00 deg.: X-S =   106.897258 mb/sr,
+                                         /R =   2.7360E+01
   179.00 deg.: X-S =   109.583059 mb/sr,
+                                         /R =   2.8061E+01
   179.99 deg.: X-S =   110.489382 mb/sr,
+                                         /R =   2.8297E+01
 Finished all xsecs @  0.

  The following files have been created:
   3:local copy of User input.            6:standard output.                   
   7:elastic  S-matrix elements.         13:total cross sections/state.        
  16:tables of cross sections.           38:cross sections for each J/pi.      
  39:cross sections for each Ecm.        40:all cross sectns. for each Elab.   
  45:scat phase shift as E functions.    56:Fusion for each Jtotal.            
 201:Separate cross sections.           

 PARAMETERS : MAXQRN   MFNL   MLOC  LMAX1 MCLIST
    ALLOWED :      1      1      2    220      4
    REQUIRED:      0      0      2     17      2


 ACCURACY ANALYSIS at    27.900 MeV :

  Elastic h*k = 0.115 so OK       compared with 0.200

   Real(S-el) > 0.01 first at J =       0.5
   Real(S-el) > 0.10 first at J =       0.5
   Real(S-el) > 0.50 first at J =       0.5
   Real(S-el) > 0.90 first at J =       7.5
   Real(S-el) > 0.99 first at J =       8.5
   R-turn =    15.71 fm    at J =      16.5

 Forward-angle excitation cut off below   9.647 deg by max JT =      16.5
                              and below   7.160 deg by max R.

